Started render process: /usr/bin/melt-7 -loglevel error -progress2 /tmp/kdenlive-gfqXqZ-1.mlt
1	48	2
2	142	6
3	189	8
4	237	10
5	284	12
6	331	14
7	378	16
8	449	19
9	522	22
10	567	24
11	614	26
12	685	29
13	732	31
14	779	33
15	826	35
16	873	37
17	971	41
18	1015	43
19	1086	46
20	1133	48
21	1180	50
22	1227	52
23	1274	54
24	1323	56
25	1439	61
26	1510	64
27	1557	66
28	1604	68
29	1651	70
30	1699	72
31	1746	74
32	1793	76
33	1911	81
34	1957	83
35	2028	86
36	2076	88
37	2123	90
38	2170	92
39	2217	94
40	2263	96
41	2310	98

Rendering of /home/isomo/Videos/panda-qiqi.mp4 aborted, resulting video will probably be corrupted.
Frame: 2310
